<?xml version="1.0" encoding="UTF-8"?>
<!-- Generated by org.testng.reporters.JUnitReportReporter -->
<testsuite hostname="Koushik" failures="0" tests="5" name="stepdefinationloginclass.testrunnerlogin" time="18.844" errors="0" timestamp="2025-09-02T17:58:29 IST" skipped="0">
  <testcase classname="stepdefinationloginclass.testrunnerlogin" name="runScenario" time="4.819"/>
  <testcase classname="stepdefinationloginclass.testrunnerlogin" name="runScenario" time="7.099"/>
  <testcase classname="stepdefinationloginclass.testrunnerlogin" name="runScenario" time="2.104"/>
  <testcase classname="stepdefinationloginclass.testrunnerlogin" name="runScenario" time="2.810"/>
  <testcase classname="stepdefinationloginclass.testrunnerlogin" name="runScenario" time="2.012"/>
</testsuite> <!-- stepdefinationloginclass.testrunnerlogin -->
