<?xml version="1.0" encoding="UTF-8"?>
<!-- Generated by org.testng.reporters.JUnitReportReporter -->
<testsuite hostname="Koushik" failures="0" tests="1" name="stepdefinationclass.testrunner" time="15.715" errors="0" timestamp="2025-09-02T19:38:46 IST" skipped="0">
  <testcase classname="stepdefinationclass.testrunner" name="runScenario" time="15.715"/>
</testsuite> <!-- stepdefinationclass.testrunner -->
