<?xml version="1.0" encoding="UTF-8"?>
<!-- Generated by org.testng.reporters.JUnitReportReporter -->
<testsuite hostname="Koushik" failures="0" tests="5" name="stepdefinationloginclass.testrunnerlogin" time="15.114" errors="0" timestamp="2025-09-03T00:01:28 IST" skipped="0">
  <testcase classname="stepdefinationloginclass.testrunnerlogin" name="runScenario" time="2.866"/>
  <testcase classname="stepdefinationloginclass.testrunnerlogin" name="runScenario" time="1.887"/>
  <testcase classname="stepdefinationloginclass.testrunnerlogin" name="runScenario" time="6.763"/>
  <testcase classname="stepdefinationloginclass.testrunnerlogin" name="runScenario" time="1.765"/>
  <testcase classname="stepdefinationloginclass.testrunnerlogin" name="runScenario" time="1.833"/>
</testsuite> <!-- stepdefinationloginclass.testrunnerlogin -->
