<?xml version="1.0" encoding="UTF-8"?>
<!-- Generated by org.testng.reporters.JUnitReportReporter -->
<testsuite hostname="Koushik" failures="0" tests="5" name="testpackage.saucelabLogin" time="17.480" errors="0" timestamp="2025-09-01T20:29:07 IST" skipped="0">
  <testcase classname="testpackage.saucelabLogin" name="sauseloginTest" time="2.374"/>
  <testcase classname="testpackage.saucelabLogin" name="sauseloginTest" time="7.370"/>
  <testcase classname="testpackage.saucelabLogin" name="sauseloginTest" time="2.057"/>
  <testcase classname="testpackage.saucelabLogin" name="sauseloginTest" time="3.408"/>
  <testcase classname="testpackage.saucelabLogin" name="sauseloginTest" time="2.271"/>
</testsuite> <!-- testpackage.saucelabLogin -->
