<?xml version="1.0" encoding="UTF-8"?>
<!-- Generated by org.testng.reporters.JUnitReportReporter -->
<testsuite hostname="Koushik" failures="0" tests="1" name="stepdefinationclass.testrunner" time="15.342" errors="0" timestamp="2025-09-01T20:35:13 IST" skipped="0">
  <testcase classname="stepdefinationclass.testrunner" name="runScenario" time="15.342"/>
</testsuite> <!-- stepdefinationclass.testrunner -->
